c:\users\jerry\progra_avanzada\helloworld\helloworld\debug\vc141.pdb
c:\users\jerry\progra_avanzada\helloworld\helloworld\debug\vc141.idb
c:\users\jerry\progra_avanzada\helloworld\helloworld\debug\assigment2ejer9.obj
c:\users\jerry\progra_avanzada\helloworld\helloworld\debug\assigment2ejer8.obj
c:\users\jerry\progra_avanzada\helloworld\helloworld\debug\assigment2ejer7.obj
c:\users\jerry\progra_avanzada\helloworld\helloworld\debug\assigment2ejer6.obj
c:\users\jerry\progra_avanzada\helloworld\helloworld\debug\assigment2ejer5.obj
c:\users\jerry\progra_avanzada\helloworld\helloworld\debug\assigment2ejer4.obj
c:\users\jerry\progra_avanzada\helloworld\helloworld\debug\assigment2ejer3.obj
c:\users\jerry\progra_avanzada\helloworld\helloworld\debug\assigment2ejer2.obj
c:\users\jerry\progra_avanzada\helloworld\helloworld\debug\assigment2ejer12.obj
c:\users\jerry\progra_avanzada\helloworld\helloworld\debug\assigment2ejer11.obj
c:\users\jerry\progra_avanzada\helloworld\helloworld\debug\assigment2ejer10.obj
c:\users\jerry\progra_avanzada\helloworld\helloworld\debug\assigment2ejer1.obj
c:\users\jerry\progra_avanzada\helloworld\helloworld\debug\assigment1ejer8.obj
c:\users\jerry\progra_avanzada\helloworld\helloworld\debug\assigment1ejer7.obj
c:\users\jerry\progra_avanzada\helloworld\helloworld\debug\assigment1ejer6.obj
c:\users\jerry\progra_avanzada\helloworld\helloworld\debug\assigment1ejer5.obj
c:\users\jerry\progra_avanzada\helloworld\helloworld\debug\assigment1ejer4.obj
c:\users\jerry\progra_avanzada\helloworld\helloworld\debug\assigment1ejer3.obj
c:\users\jerry\progra_avanzada\helloworld\helloworld\debug\assigment1ejer1.obj
c:\users\jerry\progra_avanzada\helloworld\helloworld\debug\asiigment1ejer2.obj
c:\users\jerry\progra_avanzada\helloworld\helloworld\debug\assignment4ejer10.obj
c:\users\jerry\progra_avanzada\helloworld\helloworld\debug\assignment3ejer9.obj
c:\users\jerry\progra_avanzada\helloworld\helloworld\debug\assignment3ejer8.obj
c:\users\jerry\progra_avanzada\helloworld\helloworld\debug\assignment3ejer7.obj
c:\users\jerry\progra_avanzada\helloworld\helloworld\debug\assignment3ejer6.obj
c:\users\jerry\progra_avanzada\helloworld\helloworld\debug\assignment3ejer5.obj
c:\users\jerry\progra_avanzada\helloworld\helloworld\debug\assignment3ejer4.obj
c:\users\jerry\progra_avanzada\helloworld\helloworld\debug\assignment3ejer3.obj
c:\users\jerry\progra_avanzada\helloworld\helloworld\debug\assignment3ejer2.obj
c:\users\jerry\progra_avanzada\helloworld\helloworld\debug\assignment3ejer12.obj
c:\users\jerry\progra_avanzada\helloworld\helloworld\debug\assignment3ejer11.obj
c:\users\jerry\progra_avanzada\helloworld\helloworld\debug\assignment3ejer10.obj
c:\users\jerry\progra_avanzada\helloworld\helloworld\debug\assigment4ejer7.obj
c:\users\jerry\progra_avanzada\helloworld\helloworld\debug\assigment4ejer6.obj
c:\users\jerry\progra_avanzada\helloworld\helloworld\debug\assigment4ejer5.obj
c:\users\jerry\progra_avanzada\helloworld\helloworld\debug\assigment4ejer4.obj
c:\users\jerry\progra_avanzada\helloworld\helloworld\debug\assigment4ejer3.obj
c:\users\jerry\progra_avanzada\helloworld\helloworld\debug\assigment4ejer2.obj
c:\users\jerry\progra_avanzada\helloworld\helloworld\debug\assigment4ejer1.obj
c:\users\jerry\progra_avanzada\helloworld\helloworld\debug\assigment3ejer1.obj
c:\users\jerry\progra_avanzada\helloworld\helloworld\debug\assignment6ejer4.obj
c:\users\jerry\progra_avanzada\helloworld\helloworld\debug\assignment6ejer3.obj
c:\users\jerry\progra_avanzada\helloworld\helloworld\debug\assignment6ejer2.obj
c:\users\jerry\progra_avanzada\helloworld\helloworld\debug\assignment6ejer13.obj
c:\users\jerry\progra_avanzada\helloworld\helloworld\debug\assignment6ejer12.obj
c:\users\jerry\progra_avanzada\helloworld\helloworld\debug\assignment6ejer11.obj
c:\users\jerry\progra_avanzada\helloworld\helloworld\debug\assignment6ejer10.obj
c:\users\jerry\progra_avanzada\helloworld\helloworld\debug\assignment6ejer1.obj
c:\users\jerry\progra_avanzada\helloworld\helloworld\debug\assignment5ejer9.obj
c:\users\jerry\progra_avanzada\helloworld\helloworld\debug\assignment5ejer8.obj
c:\users\jerry\progra_avanzada\helloworld\helloworld\debug\assignment5ejer7.obj
c:\users\jerry\progra_avanzada\helloworld\helloworld\debug\assignment5ejer6.obj
c:\users\jerry\progra_avanzada\helloworld\helloworld\debug\assignment5ejer5.obj
c:\users\jerry\progra_avanzada\helloworld\helloworld\debug\assignment5ejer4.obj
c:\users\jerry\progra_avanzada\helloworld\helloworld\debug\assignment5ejer3.obj
c:\users\jerry\progra_avanzada\helloworld\helloworld\debug\assignment5ejer2.obj
c:\users\jerry\progra_avanzada\helloworld\helloworld\debug\assignment5ejer1.obj
c:\users\jerry\progra_avanzada\helloworld\helloworld\debug\assignment4ejer9.obj
c:\users\jerry\progra_avanzada\helloworld\helloworld\debug\assignment4ejer8.obj
c:\users\jerry\progra_avanzada\helloworld\helloworld\debug\assignment4ejer11.obj
c:\users\jerry\progra_avanzada\helloworld\helloworld\debug\assignment8ejer3.obj
c:\users\jerry\progra_avanzada\helloworld\helloworld\debug\assignment8ejer2.obj
c:\users\jerry\progra_avanzada\helloworld\helloworld\debug\assignment8ejer10.obj
c:\users\jerry\progra_avanzada\helloworld\helloworld\debug\assignment8ejer1.obj
c:\users\jerry\progra_avanzada\helloworld\helloworld\debug\assignment7ejer9.obj
c:\users\jerry\progra_avanzada\helloworld\helloworld\debug\assignment7ejer8.obj
c:\users\jerry\progra_avanzada\helloworld\helloworld\debug\assignment7ejer7.obj
c:\users\jerry\progra_avanzada\helloworld\helloworld\debug\assignment7ejer6.obj
c:\users\jerry\progra_avanzada\helloworld\helloworld\debug\assignment7ejer5.obj
c:\users\jerry\progra_avanzada\helloworld\helloworld\debug\assignment7ejer4.obj
c:\users\jerry\progra_avanzada\helloworld\helloworld\debug\assignment7ejer3.obj
c:\users\jerry\progra_avanzada\helloworld\helloworld\debug\assignment7ejer2.obj
c:\users\jerry\progra_avanzada\helloworld\helloworld\debug\assignment7ejer11.obj
c:\users\jerry\progra_avanzada\helloworld\helloworld\debug\assignment7ejer10.obj
c:\users\jerry\progra_avanzada\helloworld\helloworld\debug\assignment7ejer1.obj
c:\users\jerry\progra_avanzada\helloworld\helloworld\debug\assignment6ejer9.obj
c:\users\jerry\progra_avanzada\helloworld\helloworld\debug\assignment6ejer8.obj
c:\users\jerry\progra_avanzada\helloworld\helloworld\debug\assignment6ejer7.obj
c:\users\jerry\progra_avanzada\helloworld\helloworld\debug\assignment6ejer6.obj
c:\users\jerry\progra_avanzada\helloworld\helloworld\debug\assignment6ejer5.obj
c:\users\jerry\progra_avanzada\helloworld\helloworld\debug\queues.obj
c:\users\jerry\progra_avanzada\helloworld\helloworld\debug\pointersexample.obj
c:\users\jerry\progra_avanzada\helloworld\helloworld\debug\nosimetric.obj
c:\users\jerry\progra_avanzada\helloworld\helloworld\debug\microsoft.obj
c:\users\jerry\progra_avanzada\helloworld\helloworld\debug\helloworld.obj
c:\users\jerry\progra_avanzada\helloworld\helloworld\debug\hello.obj
c:\users\jerry\progra_avanzada\helloworld\helloworld\debug\fillingarrays.obj
c:\users\jerry\progra_avanzada\helloworld\helloworld\debug\examen02.obj
c:\users\jerry\progra_avanzada\helloworld\helloworld\debug\examen01.obj
c:\users\jerry\progra_avanzada\helloworld\helloworld\debug\ejemplopruebacorrecta.obj
c:\users\jerry\progra_avanzada\helloworld\helloworld\debug\assignment9.obj
c:\users\jerry\progra_avanzada\helloworld\helloworld\debug\assignment8ejer9.obj
c:\users\jerry\progra_avanzada\helloworld\helloworld\debug\assignment8ejer8.obj
c:\users\jerry\progra_avanzada\helloworld\helloworld\debug\assignment8ejer7.obj
c:\users\jerry\progra_avanzada\helloworld\helloworld\debug\assignment8ejer6.obj
c:\users\jerry\progra_avanzada\helloworld\helloworld\debug\assignment8ejer5.obj
c:\users\jerry\progra_avanzada\helloworld\helloworld\debug\assignment8ejer4.obj
c:\users\jerry\progra_avanzada\helloworld\helloworld\debug\assigment1ejer9.obj
c:\users\jerry\progra_avanzada\helloworld\debug\helloworld.exe
c:\users\jerry\progra_avanzada\helloworld\debug\helloworld.ilk
c:\users\jerry\progra_avanzada\helloworld\debug\helloworld.pdb
c:\users\jerry\progra_avanzada\helloworld\helloworld\debug\helloworld.tlog\cl.command.1.tlog
c:\users\jerry\progra_avanzada\helloworld\helloworld\debug\helloworld.tlog\cl.read.1.tlog
c:\users\jerry\progra_avanzada\helloworld\helloworld\debug\helloworld.tlog\cl.write.1.tlog
c:\users\jerry\progra_avanzada\helloworld\helloworld\debug\helloworld.tlog\link.command.1.tlog
c:\users\jerry\progra_avanzada\helloworld\helloworld\debug\helloworld.tlog\link.read.1.tlog
c:\users\jerry\progra_avanzada\helloworld\helloworld\debug\helloworld.tlog\link.write.1.tlog
