  Asiigment1Ejer2.c
  Assigment1Ejer1.c
  Assigment1Ejer3.c
  Assigment1Ejer4.c
  Assigment1Ejer5.c
  Assigment1Ejer6.c
  Assigment1Ejer7.c
  Assigment1Ejer8.c
  Assigment2Ejer1.c
  Assigment2Ejer10.c
  Assigment2Ejer11.c
  Assigment2Ejer12.c
  Assigment2Ejer2.c
  Assigment2Ejer3.c
  Assigment2Ejer4.c
  Assigment2Ejer5.c
  Assigment2Ejer6.c
  Assigment2Ejer7.c
  Assigment2Ejer8.c
  Assigment2Ejer9.c
  Compilando...
  Assigment3Ejer1.c
  Assigment4Ejer1.c
  Assigment4Ejer2.c
  Assigment4Ejer3.c
  Assigment4Ejer4.c
  Assigment4Ejer5.c
  Assigment4Ejer6.c
  Assigment4Ejer7.c
  Assignment3Ejer10.c
  Assignment3Ejer11.c
  Assignment3Ejer12.c
  Assignment3Ejer2.c
  Assignment3Ejer3.c
  Assignment3Ejer4.c
  Assignment3Ejer5.c
  Assignment3Ejer6.c
  Assignment3Ejer7.c
  Assignment3Ejer8.c
  Assignment3Ejer9.c
  Assignment4Ejer10.c
  Compilando...
  Assignment4Ejer11.c
  Assignment4Ejer8.c
  Assignment4Ejer9.c
  Assignment5Ejer1.c
  Assignment5Ejer2.c
  Assignment5Ejer3.c
  Assignment5Ejer4.c
  Assignment5Ejer5.c
  Assignment5Ejer6.c
  Assignment5Ejer7.c
  Assignment5Ejer8.c
  Assignment5Ejer9.c
  Assignment6Ejer1.c
  Assignment6Ejer10.c
  Assignment6Ejer11.c
  Assignment6Ejer12.c
  Assignment6Ejer13.c
  Assignment6Ejer2.c
  Assignment6Ejer3.c
  Assignment6Ejer4.c
  Compilando...
  Assignment6Ejer5.c
  Assignment6Ejer6.c
  Assignment6Ejer7.c
  Assignment6Ejer8.c
  Assignment6Ejer9.c
  Assignment7Ejer1.c
  Assignment7Ejer10.c
  Assignment7Ejer11.c
  Assignment7Ejer2.c
  Assignment7Ejer3.c
  Assignment7Ejer4.c
  Assignment7Ejer5.c
  Assignment7Ejer6.c
  Assignment7Ejer7.c
  Assignment7Ejer8.c
  Assignment7Ejer9.c
  Assignment8Ejer1.c
  Assignment8Ejer10.c
  Assignment8Ejer2.c
  Assignment8Ejer3.c
  Compilando...
  Assignment8Ejer4.c
  Assignment8Ejer5.c
  Assignment8Ejer6.c
  Assignment8Ejer7.c
  Assignment8Ejer8.c
  Assignment8Ejer9.c
  Assignment9.c
  EjemploPruebaCorrecta.c
  Examen01.c
  Examen02.c
  fillingarrays.c
  hello.c
  HelloWorld.c
  Microsoft.c
  NoSimetric.c
  pointersExample.c
  queues.c
  testOpenMP.c
  Assigment1Ejer9.cpp
  Generando código
  All 4 functions were compiled because no usable IPDB/IOBJ from previous compilation was found.
  Generación de código finalizada
  HelloWorld.vcxproj -> C:\Users\Jerry\progra_avanzada\HelloWorld\Release\HelloWorld.exe
