c:\users\jerry\progra_avanzada\helloworld\helloworld\release\vc141.pdb
c:\users\jerry\progra_avanzada\helloworld\helloworld\release\assigment2ejer9.obj
c:\users\jerry\progra_avanzada\helloworld\helloworld\release\assigment2ejer8.obj
c:\users\jerry\progra_avanzada\helloworld\helloworld\release\assigment2ejer7.obj
c:\users\jerry\progra_avanzada\helloworld\helloworld\release\assigment2ejer6.obj
c:\users\jerry\progra_avanzada\helloworld\helloworld\release\assigment2ejer5.obj
c:\users\jerry\progra_avanzada\helloworld\helloworld\release\assigment2ejer4.obj
c:\users\jerry\progra_avanzada\helloworld\helloworld\release\assigment2ejer3.obj
c:\users\jerry\progra_avanzada\helloworld\helloworld\release\assigment2ejer2.obj
c:\users\jerry\progra_avanzada\helloworld\helloworld\release\assigment2ejer12.obj
c:\users\jerry\progra_avanzada\helloworld\helloworld\release\assigment2ejer11.obj
c:\users\jerry\progra_avanzada\helloworld\helloworld\release\assigment2ejer10.obj
c:\users\jerry\progra_avanzada\helloworld\helloworld\release\assigment2ejer1.obj
c:\users\jerry\progra_avanzada\helloworld\helloworld\release\assigment1ejer8.obj
c:\users\jerry\progra_avanzada\helloworld\helloworld\release\assigment1ejer7.obj
c:\users\jerry\progra_avanzada\helloworld\helloworld\release\assigment1ejer6.obj
c:\users\jerry\progra_avanzada\helloworld\helloworld\release\assigment1ejer5.obj
c:\users\jerry\progra_avanzada\helloworld\helloworld\release\assigment1ejer4.obj
c:\users\jerry\progra_avanzada\helloworld\helloworld\release\assigment1ejer3.obj
c:\users\jerry\progra_avanzada\helloworld\helloworld\release\assigment1ejer1.obj
c:\users\jerry\progra_avanzada\helloworld\helloworld\release\asiigment1ejer2.obj
c:\users\jerry\progra_avanzada\helloworld\helloworld\release\assignment4ejer10.obj
c:\users\jerry\progra_avanzada\helloworld\helloworld\release\assignment3ejer9.obj
c:\users\jerry\progra_avanzada\helloworld\helloworld\release\assignment3ejer8.obj
c:\users\jerry\progra_avanzada\helloworld\helloworld\release\assignment3ejer7.obj
c:\users\jerry\progra_avanzada\helloworld\helloworld\release\assignment3ejer6.obj
c:\users\jerry\progra_avanzada\helloworld\helloworld\release\assignment3ejer5.obj
c:\users\jerry\progra_avanzada\helloworld\helloworld\release\assignment3ejer4.obj
c:\users\jerry\progra_avanzada\helloworld\helloworld\release\assignment3ejer3.obj
c:\users\jerry\progra_avanzada\helloworld\helloworld\release\assignment3ejer2.obj
c:\users\jerry\progra_avanzada\helloworld\helloworld\release\assignment3ejer12.obj
c:\users\jerry\progra_avanzada\helloworld\helloworld\release\assignment3ejer11.obj
c:\users\jerry\progra_avanzada\helloworld\helloworld\release\assignment3ejer10.obj
c:\users\jerry\progra_avanzada\helloworld\helloworld\release\assigment4ejer7.obj
c:\users\jerry\progra_avanzada\helloworld\helloworld\release\assigment4ejer6.obj
c:\users\jerry\progra_avanzada\helloworld\helloworld\release\assigment4ejer5.obj
c:\users\jerry\progra_avanzada\helloworld\helloworld\release\assigment4ejer4.obj
c:\users\jerry\progra_avanzada\helloworld\helloworld\release\assigment4ejer3.obj
c:\users\jerry\progra_avanzada\helloworld\helloworld\release\assigment4ejer2.obj
c:\users\jerry\progra_avanzada\helloworld\helloworld\release\assigment4ejer1.obj
c:\users\jerry\progra_avanzada\helloworld\helloworld\release\assigment3ejer1.obj
c:\users\jerry\progra_avanzada\helloworld\helloworld\release\assignment6ejer4.obj
c:\users\jerry\progra_avanzada\helloworld\helloworld\release\assignment6ejer3.obj
c:\users\jerry\progra_avanzada\helloworld\helloworld\release\assignment6ejer2.obj
c:\users\jerry\progra_avanzada\helloworld\helloworld\release\assignment6ejer13.obj
c:\users\jerry\progra_avanzada\helloworld\helloworld\release\assignment6ejer12.obj
c:\users\jerry\progra_avanzada\helloworld\helloworld\release\assignment6ejer11.obj
c:\users\jerry\progra_avanzada\helloworld\helloworld\release\assignment6ejer10.obj
c:\users\jerry\progra_avanzada\helloworld\helloworld\release\assignment6ejer1.obj
c:\users\jerry\progra_avanzada\helloworld\helloworld\release\assignment5ejer9.obj
c:\users\jerry\progra_avanzada\helloworld\helloworld\release\assignment5ejer8.obj
c:\users\jerry\progra_avanzada\helloworld\helloworld\release\assignment5ejer7.obj
c:\users\jerry\progra_avanzada\helloworld\helloworld\release\assignment5ejer6.obj
c:\users\jerry\progra_avanzada\helloworld\helloworld\release\assignment5ejer5.obj
c:\users\jerry\progra_avanzada\helloworld\helloworld\release\assignment5ejer4.obj
c:\users\jerry\progra_avanzada\helloworld\helloworld\release\assignment5ejer3.obj
c:\users\jerry\progra_avanzada\helloworld\helloworld\release\assignment5ejer2.obj
c:\users\jerry\progra_avanzada\helloworld\helloworld\release\assignment5ejer1.obj
c:\users\jerry\progra_avanzada\helloworld\helloworld\release\assignment4ejer9.obj
c:\users\jerry\progra_avanzada\helloworld\helloworld\release\assignment4ejer8.obj
c:\users\jerry\progra_avanzada\helloworld\helloworld\release\assignment4ejer11.obj
c:\users\jerry\progra_avanzada\helloworld\helloworld\release\assignment8ejer3.obj
c:\users\jerry\progra_avanzada\helloworld\helloworld\release\assignment8ejer2.obj
c:\users\jerry\progra_avanzada\helloworld\helloworld\release\assignment8ejer10.obj
c:\users\jerry\progra_avanzada\helloworld\helloworld\release\assignment8ejer1.obj
c:\users\jerry\progra_avanzada\helloworld\helloworld\release\assignment7ejer9.obj
c:\users\jerry\progra_avanzada\helloworld\helloworld\release\assignment7ejer8.obj
c:\users\jerry\progra_avanzada\helloworld\helloworld\release\assignment7ejer7.obj
c:\users\jerry\progra_avanzada\helloworld\helloworld\release\assignment7ejer6.obj
c:\users\jerry\progra_avanzada\helloworld\helloworld\release\assignment7ejer5.obj
c:\users\jerry\progra_avanzada\helloworld\helloworld\release\assignment7ejer4.obj
c:\users\jerry\progra_avanzada\helloworld\helloworld\release\assignment7ejer3.obj
c:\users\jerry\progra_avanzada\helloworld\helloworld\release\assignment7ejer2.obj
c:\users\jerry\progra_avanzada\helloworld\helloworld\release\assignment7ejer11.obj
c:\users\jerry\progra_avanzada\helloworld\helloworld\release\assignment7ejer10.obj
c:\users\jerry\progra_avanzada\helloworld\helloworld\release\assignment7ejer1.obj
c:\users\jerry\progra_avanzada\helloworld\helloworld\release\assignment6ejer9.obj
c:\users\jerry\progra_avanzada\helloworld\helloworld\release\assignment6ejer8.obj
c:\users\jerry\progra_avanzada\helloworld\helloworld\release\assignment6ejer7.obj
c:\users\jerry\progra_avanzada\helloworld\helloworld\release\assignment6ejer6.obj
c:\users\jerry\progra_avanzada\helloworld\helloworld\release\assignment6ejer5.obj
c:\users\jerry\progra_avanzada\helloworld\helloworld\release\testopenmp.obj
c:\users\jerry\progra_avanzada\helloworld\helloworld\release\queues.obj
c:\users\jerry\progra_avanzada\helloworld\helloworld\release\pointersexample.obj
c:\users\jerry\progra_avanzada\helloworld\helloworld\release\nosimetric.obj
c:\users\jerry\progra_avanzada\helloworld\helloworld\release\microsoft.obj
c:\users\jerry\progra_avanzada\helloworld\helloworld\release\helloworld.obj
c:\users\jerry\progra_avanzada\helloworld\helloworld\release\hello.obj
c:\users\jerry\progra_avanzada\helloworld\helloworld\release\fillingarrays.obj
c:\users\jerry\progra_avanzada\helloworld\helloworld\release\examen02.obj
c:\users\jerry\progra_avanzada\helloworld\helloworld\release\examen01.obj
c:\users\jerry\progra_avanzada\helloworld\helloworld\release\ejemplopruebacorrecta.obj
c:\users\jerry\progra_avanzada\helloworld\helloworld\release\assignment9.obj
c:\users\jerry\progra_avanzada\helloworld\helloworld\release\assignment8ejer9.obj
c:\users\jerry\progra_avanzada\helloworld\helloworld\release\assignment8ejer8.obj
c:\users\jerry\progra_avanzada\helloworld\helloworld\release\assignment8ejer7.obj
c:\users\jerry\progra_avanzada\helloworld\helloworld\release\assignment8ejer6.obj
c:\users\jerry\progra_avanzada\helloworld\helloworld\release\assignment8ejer5.obj
c:\users\jerry\progra_avanzada\helloworld\helloworld\release\assignment8ejer4.obj
c:\users\jerry\progra_avanzada\helloworld\helloworld\release\assigment1ejer9.obj
c:\users\jerry\progra_avanzada\helloworld\release\helloworld.ipdb
c:\users\jerry\progra_avanzada\helloworld\release\helloworld.iobj
c:\users\jerry\progra_avanzada\helloworld\release\helloworld.exe
c:\users\jerry\progra_avanzada\helloworld\release\helloworld.pdb
c:\users\jerry\progra_avanzada\helloworld\helloworld\release\helloworld.tlog\cl.command.1.tlog
c:\users\jerry\progra_avanzada\helloworld\helloworld\release\helloworld.tlog\cl.read.1.tlog
c:\users\jerry\progra_avanzada\helloworld\helloworld\release\helloworld.tlog\cl.write.1.tlog
c:\users\jerry\progra_avanzada\helloworld\helloworld\release\helloworld.tlog\helloworld.write.1u.tlog
c:\users\jerry\progra_avanzada\helloworld\helloworld\release\helloworld.tlog\link.command.1.tlog
c:\users\jerry\progra_avanzada\helloworld\helloworld\release\helloworld.tlog\link.read.1.tlog
c:\users\jerry\progra_avanzada\helloworld\helloworld\release\helloworld.tlog\link.write.1.tlog
